Using pre-set license
Built from '2020.3/staging' branch; Version is '2020.3.0f1 (c7b5465681fb) revision 13088070'; Using compiler version '192528614'; Build Type 'Release'
OS: 'Windows 10 Home Single Language; OS build 19043.1237; Version 2009; 64bit' Language: 'tr' Physical Memory: 3902 MB
BatchMode: 1, IsHumanControllingUs: 0, StartBugReporterOnCrash: 0, Is64bit: 1, IsPro: 0

 COMMAND LINE ARGUMENTS:
C:\Program Files\Unity\Hub\Editor\2020.3.0f1\Editor\Unity.exe
-adb2
-batchMode
-noUpm
-name
AssetImportWorker0
-projectPath
C:/Users/Arda Dağıtmaç/Desktop/E-Twinning/e-twinning
-logFile
Logs/AssetImportWorker0.log
-srvPort
55623
Successfully changed project path to: C:/Users/Arda Dağıtmaç/Desktop/E-Twinning/e-twinning
C:/Users/Arda Dağıtmaç/Desktop/E-Twinning/e-twinning
Using Asset Import Pipeline V2.
Refreshing native plugins compatible for Editor in 57.89 ms, found 1 plugins.
Preloading 0 native plugins for Editor in 0.00 ms.
Initialize engine version: 2020.3.0f1 (c7b5465681fb)
[Subsystems] Discovering subsystems at path C:/Program Files/Unity/Hub/Editor/2020.3.0f1/Editor/Data/Resources/UnitySubsystems
[Subsystems] Discovering subsystems at path C:/Users/Arda Dağıtmaç/Desktop/E-Twinning/e-twinning/Assets
GfxDevice: creating device client; threaded=0
Direct3D:
    Version:  Direct3D 11.0 [level 11.1]
    Renderer: Intel(R) UHD Graphics (ID=0x8a56)
    Vendor:   
    VRAM:     1951 MB
    Driver:   27.20.100.9365
Initialize mono
Mono path[0] = 'C:/Program Files/Unity/Hub/Editor/2020.3.0f1/Editor/Data/Managed'
Mono path[1] = 'C:/Program Files/Unity/Hub/Editor/2020.3.0f1/Editor/Data/MonoBleedingEdge/lib/mono/unityjit'
Mono config path = 'C:/Program Files/Unity/Hub/Editor/2020.3.0f1/Editor/Data/MonoBleedingEdge/etc'
Using monoOptions --debugger-agent=transport=dt_socket,embedding=1,server=y,suspend=n,address=127.0.0.1:56236
Begin MonoManager ReloadAssembly
Registering precompiled unity dll's ...
Register platform support module: C:/Program Files/Unity/Hub/Editor/2020.3.0f1/Editor/Data/PlaybackEngines/WebGLSupport/UnityEditor.WebGL.Extensions.dll
Register platform support module: C:/Program Files/Unity/Hub/Editor/2020.3.0f1/Editor/Data/PlaybackEngines/WindowsStandaloneSupport/UnityEditor.WindowsStandalone.Extensions.dll
Registered in 0.003147 seconds.
Native extension for WindowsStandalone target not found
Native extension for WebGL target not found
Refreshing native plugins compatible for Editor in 39.99 ms, found 1 plugins.
Preloading 0 native plugins for Editor in 0.00 ms.
Invoked RoslynAnalysisRunner static constructor.
RoslynAnalysisRunner will not be running.
RoslynAnalysisRunner has terminated.
Mono: successfully reloaded assembly
- Completed reload, in  3.164 seconds
Platform modules already initialized, skipping
Registering precompiled user dll's ...
Registered in 0.001245 seconds.
Begin MonoManager ReloadAssembly
Native extension for WindowsStandalone target not found
Native extension for WebGL target not found
Refreshing native plugins compatible for Editor in 155.74 ms, found 1 plugins.
Preloading 0 native plugins for Editor in 0.00 ms.
Invoked RoslynAnalysisRunner static constructor.
RoslynAnalysisRunner will not be running.
RoslynAnalysisRunner has terminated.
Mono: successfully reloaded assembly
- Completed reload, in  1.576 seconds
Platform modules already initialized, skipping
========================================================================
Worker process is ready to serve import requests
Launched and connected shader compiler UnityShaderCompiler.exe after 0.07 seconds
Refreshing native plugins compatible for Editor in 0.31 ms, found 1 plugins.
Preloading 0 native plugins for Editor in 0.00 ms.
Unloading 1809 Unused Serialized files (Serialized files now loaded: 0)
System memory in use before: 84.7 MB.
System memory in use after: 84.6 MB.

Unloading 24 unused Assets to reduce memory usage. Loaded Objects now: 2251.
Total: 8.019200 ms (FindLiveObjects: 0.911800 ms CreateObjectMapping: 0.121700 ms MarkObjects: 6.597600 ms  DeleteObjects: 0.381700 ms)

========================================================================
Received Import Request.
  path: Assets/Scripts/characterController.cs
  artifactKey: Guid(34a28c9f67140894a980a48cf3080266) Importer(815301076,1909f56bfc062723c751e8b465ee728b)
Start importing Assets/Scripts/characterController.cs using Guid(34a28c9f67140894a980a48cf3080266) Importer(815301076,1909f56bfc062723c751e8b465ee728b)  -> (artifact id: '40f5fc1023b260ea703e4d766a5fc5ff') in 0.054575 seconds
  Import took 0.062543 seconds .

========================================================================
Received Prepare
Registering precompiled user dll's ...
Registered in 0.001917 seconds.
Begin MonoManager ReloadAssembly
Native extension for WindowsStandalone target not found
Native extension for WebGL target not found
Refreshing native plugins compatible for Editor in 0.37 ms, found 1 plugins.
Preloading 0 native plugins for Editor in 0.00 ms.
Invoked RoslynAnalysisRunner static constructor.
RoslynAnalysisRunner will not be running.
RoslynAnalysisRunner has terminated.
Mono: successfully reloaded assembly
- Completed reload, in  0.948 seconds
Platform modules already initialized, skipping
Refreshing native plugins compatible for Editor in 0.30 ms, found 1 plugins.
Preloading 0 native plugins for Editor in 0.00 ms.
Unloading 1804 Unused Serialized files (Serialized files now loaded: 0)
System memory in use before: 84.6 MB.
System memory in use after: 84.6 MB.

Unloading 12 unused Assets to reduce memory usage. Loaded Objects now: 2255.
Total: 2.602100 ms (FindLiveObjects: 0.399300 ms CreateObjectMapping: 0.093600 ms MarkObjects: 1.933500 ms  DeleteObjects: 0.174400 ms)

========================================================================
Received Prepare
Registering precompiled user dll's ...
Registered in 0.000821 seconds.
Begin MonoManager ReloadAssembly
Native extension for WindowsStandalone target not found
Native extension for WebGL target not found
Refreshing native plugins compatible for Editor in 0.64 ms, found 1 plugins.
Preloading 0 native plugins for Editor in 0.00 ms.
Invoked RoslynAnalysisRunner static constructor.
RoslynAnalysisRunner will not be running.
RoslynAnalysisRunner has terminated.
Mono: successfully reloaded assembly
- Completed reload, in  0.907 seconds
Platform modules already initialized, skipping
Refreshing native plugins compatible for Editor in 0.44 ms, found 1 plugins.
Preloading 0 native plugins for Editor in 0.00 ms.
Unloading 1804 Unused Serialized files (Serialized files now loaded: 0)
System memory in use before: 84.7 MB.
System memory in use after: 84.7 MB.

Unloading 12 unused Assets to reduce memory usage. Loaded Objects now: 2259.
Total: 3.165400 ms (FindLiveObjects: 0.224700 ms CreateObjectMapping: 0.080100 ms MarkObjects: 2.745500 ms  DeleteObjects: 0.113400 ms)

========================================================================
Received Import Request.
  Time since last request: 92.457386 seconds.
  path: Assets/Scripts/characterController.cs
  artifactKey: Guid(34a28c9f67140894a980a48cf3080266) Importer(815301076,1909f56bfc062723c751e8b465ee728b)
Start importing Assets/Scripts/characterController.cs using Guid(34a28c9f67140894a980a48cf3080266) Importer(815301076,1909f56bfc062723c751e8b465ee728b)  -> (artifact id: '74c91d2f4cb5a7fd50219c31e15a6b55') in 0.006632 seconds
  Import took 0.010669 seconds .

========================================================================
Received Import Request.
  Time since last request: 65.346130 seconds.
  path: Assets/Scripts/characterController.cs
  artifactKey: Guid(34a28c9f67140894a980a48cf3080266) Importer(815301076,1909f56bfc062723c751e8b465ee728b)
Start importing Assets/Scripts/characterController.cs using Guid(34a28c9f67140894a980a48cf3080266) Importer(815301076,1909f56bfc062723c751e8b465ee728b)  -> (artifact id: '5d7b922740c1a709a0ffec19633ea0df') in 0.008126 seconds
  Import took 0.016524 seconds .

========================================================================
Received Prepare
Registering precompiled user dll's ...
Registered in 0.000897 seconds.
Begin MonoManager ReloadAssembly
Native extension for WindowsStandalone target not found
Native extension for WebGL target not found
Refreshing native plugins compatible for Editor in 0.32 ms, found 1 plugins.
Preloading 0 native plugins for Editor in 0.00 ms.
Invoked RoslynAnalysisRunner static constructor.
RoslynAnalysisRunner will not be running.
RoslynAnalysisRunner has terminated.
Mono: successfully reloaded assembly
- Completed reload, in  0.855 seconds
Platform modules already initialized, skipping
Refreshing native plugins compatible for Editor in 0.96 ms, found 1 plugins.
Preloading 0 native plugins for Editor in 0.00 ms.
Unloading 1804 Unused Serialized files (Serialized files now loaded: 0)
System memory in use before: 84.7 MB.
System memory in use after: 84.7 MB.

Unloading 12 unused Assets to reduce memory usage. Loaded Objects now: 2263.
Total: 2.648800 ms (FindLiveObjects: 0.314800 ms CreateObjectMapping: 0.087100 ms MarkObjects: 2.121500 ms  DeleteObjects: 0.123500 ms)

========================================================================
Received Import Request.
  Time since last request: 35.982943 seconds.
  path: Assets/Scripts/characterController.cs
  artifactKey: Guid(34a28c9f67140894a980a48cf3080266) Importer(815301076,1909f56bfc062723c751e8b465ee728b)
Start importing Assets/Scripts/characterController.cs using Guid(34a28c9f67140894a980a48cf3080266) Importer(815301076,1909f56bfc062723c751e8b465ee728b)  -> (artifact id: '4e9c2ee415c976b22888eeca455c30eb') in 0.008187 seconds
  Import took 0.013088 seconds .

AssetImportWorkerClient::OnTransportError - code=2 error=End of file
