Using pre-set license
Built from '2020.3/staging' branch; Version is '2020.3.18f1 (a7d1c678663c) revision 10998214'; Using compiler version '192528614'; Build Type 'Release'
OS: 'Windows 10 Pro; OS build 19043.1288; Version 2009; 64bit' Language: 'tr' Physical Memory: 32731 MB
BatchMode: 1, IsHumanControllingUs: 0, StartBugReporterOnCrash: 0, Is64bit: 1, IsPro: 0

COMMAND LINE ARGUMENTS:
D:\Program Files (x86)\Unity\Hub\Editor\2020.3.18f1\Editor\Unity.exe
-adb2
-batchMode
-noUpm
-name
AssetImportWorker0
-projectPath
D:/Unity Projects/E-Twinning-Game
-logFile
Logs/AssetImportWorker0.log
-srvPort
64662
Successfully changed project path to: D:/Unity Projects/E-Twinning-Game
D:/Unity Projects/E-Twinning-Game
Using Asset Import Pipeline V2.
Refreshing native plugins compatible for Editor in 38.87 ms, found 3 plugins.
Preloading 0 native plugins for Editor in 0.00 ms.
Initialize engine version: 2020.3.18f1 (a7d1c678663c)
[Subsystems] Discovering subsystems at path D:/Program Files (x86)/Unity/Hub/Editor/2020.3.18f1/Editor/Data/Resources/UnitySubsystems
[Subsystems] Discovering subsystems at path D:/Unity Projects/E-Twinning-Game/Assets
GfxDevice: creating device client; threaded=0
Direct3D:
    Version:  Direct3D 11.0 [level 11.1]
    Renderer: NVIDIA GeForce GTX 1060 6GB (ID=0x1c03)
    Vendor:   
    VRAM:     6052 MB
    Driver:   30.0.14.9613
Initialize mono
Mono path[0] = 'D:/Program Files (x86)/Unity/Hub/Editor/2020.3.18f1/Editor/Data/Managed'
Mono path[1] = 'D:/Program Files (x86)/Unity/Hub/Editor/2020.3.18f1/Editor/Data/MonoBleedingEdge/lib/mono/unityjit'
Mono config path = 'D:/Program Files (x86)/Unity/Hub/Editor/2020.3.18f1/Editor/Data/MonoBleedingEdge/etc'
Using monoOptions --debugger-agent=transport=dt_socket,embedding=1,server=y,suspend=n,address=127.0.0.1:56572
Begin MonoManager ReloadAssembly
Registering precompiled unity dll's ...
Register platform support module: D:/Program Files (x86)/Unity/Hub/Editor/2020.3.18f1/Editor/Data/PlaybackEngines/WebGLSupport/UnityEditor.WebGL.Extensions.dll
Register platform support module: D:/Program Files (x86)/Unity/Hub/Editor/2020.3.18f1/Editor/Data/PlaybackEngines/WindowsStandaloneSupport/UnityEditor.WindowsStandalone.Extensions.dll
Registered in 0.001222 seconds.
Native extension for WindowsStandalone target not found
Native extension for WebGL target not found
Refreshing native plugins compatible for Editor in 36.90 ms, found 3 plugins.
Preloading 0 native plugins for Editor in 0.00 ms.
Mono: successfully reloaded assembly
- Completed reload, in  0.833 seconds
Domain Reload Profiling:
	ReloadAssembly (833ms)
		BeginReloadAssembly (45ms)
			ExecutionOrderSort (0ms)
			DisableScriptedObjects (0ms)
			BackupInstance (0ms)
			ReleaseScriptingObjects (0ms)
			CreateAndSetChildDomain (1ms)
		EndReloadAssembly (371ms)
			LoadAssemblies (45ms)
			RebuildTransferFunctionScriptingTraits (0ms)
			SetupTypeCache (133ms)
			ReleaseScriptCaches (0ms)
			RebuildScriptCaches (27ms)
			SetupLoadedEditorAssemblies (148ms)
				LogAssemblyErrors (0ms)
				InitializePlatformSupportModulesInManaged (4ms)
				SetLoadedEditorAssemblies (0ms)
				RefreshPlugins (37ms)
				BeforeProcessingInitializeOnLoad (15ms)
				ProcessInitializeOnLoadAttributes (68ms)
				ProcessInitializeOnLoadMethodAttributes (24ms)
				AfterProcessingInitializeOnLoad (0ms)
				EditorAssembliesLoaded (0ms)
			ExecutionOrderSort2 (0ms)
			AwakeInstancesAfterBackupRestoration (0ms)
Platform modules already initialized, skipping
Registering precompiled user dll's ...
Registered in 0.002051 seconds.
Begin MonoManager ReloadAssembly
Native extension for WindowsStandalone target not found
Native extension for WebGL target not found
Refreshing native plugins compatible for Editor in 37.03 ms, found 3 plugins.
Preloading 0 native plugins for Editor in 0.00 ms.
Mono: successfully reloaded assembly
- Completed reload, in  0.954 seconds
Domain Reload Profiling:
	ReloadAssembly (955ms)
		BeginReloadAssembly (127ms)
			ExecutionOrderSort (0ms)
			DisableScriptedObjects (4ms)
			BackupInstance (0ms)
			ReleaseScriptingObjects (0ms)
			CreateAndSetChildDomain (16ms)
		EndReloadAssembly (778ms)
			LoadAssemblies (75ms)
			RebuildTransferFunctionScriptingTraits (0ms)
			SetupTypeCache (257ms)
			ReleaseScriptCaches (0ms)
			RebuildScriptCaches (41ms)
			SetupLoadedEditorAssemblies (294ms)
				LogAssemblyErrors (0ms)
				InitializePlatformSupportModulesInManaged (4ms)
				SetLoadedEditorAssemblies (0ms)
				RefreshPlugins (37ms)
				BeforeProcessingInitializeOnLoad (62ms)
				ProcessInitializeOnLoadAttributes (177ms)
				ProcessInitializeOnLoadMethodAttributes (10ms)
				AfterProcessingInitializeOnLoad (3ms)
				EditorAssembliesLoaded (0ms)
			ExecutionOrderSort2 (0ms)
			AwakeInstancesAfterBackupRestoration (6ms)
Platform modules already initialized, skipping
========================================================================
Worker process is ready to serve import requests
Launched and connected shader compiler UnityShaderCompiler.exe after 0.06 seconds
Refreshing native plugins compatible for Editor in 0.34 ms, found 3 plugins.
Preloading 0 native plugins for Editor in 0.00 ms.
Unloading 2096 Unused Serialized files (Serialized files now loaded: 0)
System memory in use before: 93.3 MB.
System memory in use after: 93.4 MB.

Unloading 26 unused Assets to reduce memory usage. Loaded Objects now: 2537.
Total: 2.699900 ms (FindLiveObjects: 0.156900 ms CreateObjectMapping: 0.089400 ms MarkObjects: 2.394800 ms  DeleteObjects: 0.057600 ms)

AssetImportParameters requested are different than current active one (requested -> active):
  custom:framework-win-MediaFoundation: 216162199b28c13a410421893ffa2e32 -> 
  custom:video-decoder-ogg-theora: a1e56fd34408186e4bbccfd4996cb3dc -> 
  custom:container-muxer-webm: aa71ff27fc2769a1b78a27578f13a17b -> 
  custom:container-demuxer-webm: 4f35f7cbe854078d1ac9338744f61a02 -> 
  custom:container-demuxer-ogg: 62fdf1f143b41e24485cea50d1cbac27 -> 
  custom:video-encoder-webm-vp8: eb34c28f22e8b96e1ab97ce403110664 -> 
  custom:video-decoder-webm-vp8: 9c59270c3fd7afecdb556c50c9e8de78 -> 
  custom:audio-decoder-ogg-vorbis: bf7c407c2cedff20999df2af8eb42d56 -> 
  custom:audio-encoder-webm-vorbis: bf7c407c2cedff20999df2af8eb42d56 -> 
========================================================================
Received Import Request.
  path: Assets/Assets
  artifactKey: Guid(73e97bfb64d228942beace9d1f782063) Importer(815301076,1909f56bfc062723c751e8b465ee728b)
Start importing Assets/Assets using Guid(73e97bfb64d228942beace9d1f782063) Importer(815301076,1909f56bfc062723c751e8b465ee728b)  -> (artifact id: 'bbfef81d8a75be296006ef00858e9a24') in 0.007439 seconds 
  Import took 0.010739 seconds .

========================================================================
Received Import Request.
  Time since last request: 0.000298 seconds.
  path: Assets/Assets/TILESET_FUTURISTIC_CITY_BY_CUBIC TREE - GRAPHICS/ground.png
  artifactKey: Guid(ea16f372b5198de4bab10e55c1643bfd) Importer(815301076,1909f56bfc062723c751e8b465ee728b)
Start importing Assets/Assets/TILESET_FUTURISTIC_CITY_BY_CUBIC TREE - GRAPHICS/ground.png using Guid(ea16f372b5198de4bab10e55c1643bfd) Importer(815301076,1909f56bfc062723c751e8b465ee728b)  -> (artifact id: '1ac0f92f043e586cf78b594f79be23f9') in 0.109698 seconds 
  Import took 0.112388 seconds .

========================================================================
Received Import Request.
  Time since last request: 0.000217 seconds.
  path: Assets/Assets/TILESET_FUTURISTIC_CITY_BY_CUBIC TREE - GRAPHICS
  artifactKey: Guid(14fc71127dc840a419ec0c33df4eec7a) Importer(815301076,1909f56bfc062723c751e8b465ee728b)
Start importing Assets/Assets/TILESET_FUTURISTIC_CITY_BY_CUBIC TREE - GRAPHICS using Guid(14fc71127dc840a419ec0c33df4eec7a) Importer(815301076,1909f56bfc062723c751e8b465ee728b)  -> (artifact id: '16bbe5837a22c573f1acf7501050e47a') in 0.005729 seconds 
  Import took 0.008773 seconds .

========================================================================
Received Import Request.
  Time since last request: 3.145727 seconds.
  path: Assets/Assets/Boss
  artifactKey: Guid(5a68586af8830724cb74cbd990671239) Importer(815301076,1909f56bfc062723c751e8b465ee728b)
Start importing Assets/Assets/Boss using Guid(5a68586af8830724cb74cbd990671239) Importer(815301076,1909f56bfc062723c751e8b465ee728b)  -> (artifact id: 'a5b828f770014b9b6a9c895aaf61b5fc') in 0.005419 seconds 
  Import took 0.008171 seconds .

========================================================================
Received Import Request.
  Time since last request: 0.000785 seconds.
  path: Assets/Assets/Boss
  artifactKey: Guid(5a68586af8830724cb74cbd990671239) Importer(815301076,1909f56bfc062723c751e8b465ee728b)
Start importing Assets/Assets/Boss using Guid(5a68586af8830724cb74cbd990671239) Importer(815301076,1909f56bfc062723c751e8b465ee728b)  -> (artifact id: 'a5b828f770014b9b6a9c895aaf61b5fc') in 0.001707 seconds 
  Import took 0.004774 seconds .

